###Seconds (since Midnight UTC) 	 Chan 0 rate 	 Error in Chan0 	 Chan 1 rate 	 Error in Chan1 	 Chan 2 rate 	 Error in Chan2 	 Chan 3 rate 	 Error in Chan3 	 Trigger rate	Error in Triggers 	 Raw BA output 	 Temp (DegC) 	 Bus Voltage 	 #GPS satellites in view 
430	19.18272	0.25245	19.46844	0.25432	18.61130	0.24866	18.83721	0.25016	7.95681	0.16259	1039	11.3	3.291	06
731	18.82724	0.25010	19.10299	0.25192	18.69767	0.24924	18.84053	0.25019	7.69767	0.15992	1039	11.3	3.31	08
1032	18.87708	0.25043	19.20598	0.25260	18.61130	0.24866	18.32558	0.24674	7.55814	0.15846	1039	11.3	3.31	05
1333	18.73090	0.24946	19.13953	0.25216	18.55814	0.24830	18.89701	0.25056	7.70100	0.15995	1039	11.4	3.305	07
1634	19.09635	0.25188	19.21595	0.25267	18.70432	0.24928	18.58140	0.24846	7.91030	0.16211	1039	11.2	3.31	06
1934	19.29667	0.25362	19.50667	0.25499	19.12667	0.25250	19.33333	0.25386	8.03667	0.16367	1039	11.2	3.305	08
2235	18.70100	0.24926	19.02326	0.25140	18.26578	0.24634	18.36877	0.24703	7.54153	0.15829	1039	11.2	3.31	07
2536	18.57807	0.24844	18.80399	0.24994	18.35548	0.24694	18.79070	0.24986	7.65116	0.15943	1040	11.2	3.31	06
2837	19.08306	0.25179	19.27575	0.25306	18.94020	0.25085	18.82392	0.25008	7.90365	0.16204	1040	11.2	3.31	07
3138	19.16944	0.25236	19.57475	0.25501	18.85050	0.25025	18.89037	0.25052	7.90033	0.16201	1039	11	3.31	07
3439	19.16279	0.25232	19.42193	0.25402	18.52492	0.24808	18.58472	0.24848	7.82392	0.16122	1040	11.2	3.305	08
3740	18.69435	0.24921	19.47841	0.25439	18.53488	0.24815	19.03322	0.25146	7.68771	0.15981	1040	11.1	3.296	06
4040	19.06667	0.25210	19.65333	0.25595	18.74000	0.24993	19.27333	0.25346	7.87333	0.16200	1040	11	3.31	06
4341	18.61130	0.24866	19.17276	0.25238	18.58804	0.24850	18.83389	0.25014	7.73090	0.16026	1040	11	3.31	07
4642	19.04319	0.25153	19.80066	0.25648	18.71761	0.24937	19.14618	0.25221	8.01329	0.16316	1040	11	3.31	06
4943	19.11960	0.25203	19.32558	0.25339	19.16944	0.25236	18.90698	0.25063	7.87375	0.16174	1040	11	3.305	07
5244	19.00332	0.25126	19.59801	0.25517	18.87043	0.25038	18.93355	0.25080	7.95349	0.16255	1040	11	3.31	05
5545	18.88704	0.25049	19.51163	0.25460	18.83056	0.25012	18.82724	0.25010	7.68771	0.15981	1040	10.9	3.3	07
5846	19.18605	0.25247	19.74419	0.25612	18.93688	0.25083	18.76412	0.24968	7.85050	0.16150	1040	10.9	3.31	07
6146	19.19667	0.25296	19.95000	0.25788	18.96333	0.25142	19.30000	0.25364	8.12000	0.16452	1040	10.8	3.31	07
6447	18.92359	0.25074	19.52824	0.25471	18.61794	0.24870	19.31229	0.25330	8.01661	0.16320	1040	10.9	3.31	07
6748	18.82392	0.25008	19.18605	0.25247	18.50831	0.24797	18.80066	0.24992	7.60133	0.15891	1040	11	3.31	07
7049	18.83389	0.25014	19.56811	0.25497	19.00332	0.25126	19.09635	0.25188	7.63455	0.15926	1040	10.9	3.31	08
7350	18.44518	0.24755	18.67442	0.24908	18.23256	0.24612	18.75748	0.24963	7.44850	0.15731	1040	10.8	3.31	07
7651	18.76080	0.24966	19.24585	0.25286	18.58804	0.24850	18.85050	0.25025	7.80731	0.16105	1040	10.9	3.305	07
7952	18.91694	0.25069	19.52824	0.25471	18.69435	0.24921	19.07973	0.25177	7.75748	0.16054	1040	10.6	3.31	07
8252	18.38000	0.24752	19.03000	0.25186	18.12667	0.24581	18.64333	0.24929	7.41000	0.15716	1040	10.7	3.31	06
8553	19.32226	0.25336	19.58140	0.25506	19.06645	0.25168	19.12957	0.25210	7.88040	0.16180	1040	10.6	3.31	07
8854	18.93688	0.25083	19.32890	0.25341	18.69435	0.24921	18.87708	0.25043	7.71429	0.16009	1040	10.5	3.31	09
9155	18.83056	0.25012	19.24917	0.25288	18.78405	0.24981	18.64784	0.24890	7.70432	0.15999	1040	10.6	3.31	05
9456	18.99668	0.25122	19.35216	0.25356	18.87043	0.25038	18.92027	0.25072	7.81063	0.16109	1040	10.6	3.3	05
9757	19.06312	0.25166	19.21595	0.25267	18.81395	0.25001	18.99003	0.25118	7.84718	0.16146	1040	10.6	3.305	06
10058	19.18272	0.25245	19.36877	0.25367	18.88704	0.25049	18.97674	0.25109	7.91694	0.16218	1040	10.5	3.31	04
10358	19.00000	0.25166	19.42333	0.25445	18.65667	0.24938	18.89667	0.25098	7.81000	0.16135	1040	10.5	3.31	08
10659	18.75415	0.24961	19.15282	0.25225	18.67774	0.24910	19.22259	0.25271	7.85050	0.16150	1040	10.6	3.31	06
10960	18.38870	0.24717	19.04983	0.25157	18.44850	0.24757	18.95017	0.25091	7.49834	0.15783	1041	10.5	3.31	05
11261	19.02658	0.25142	19.41860	0.25400	18.91694	0.25069	18.76412	0.24968	7.93023	0.16232	1040	10.5	3.31	06
11562	18.82392	0.25008	19.13953	0.25216	18.67774	0.24910	18.96013	0.25098	7.56811	0.15857	1041	10.5	3.305	06
11863	18.86711	0.25036	19.36877	0.25367	18.56478	0.24835	18.61794	0.24870	7.62126	0.15912	1041	10.5	3.296	06
12164	18.79402	0.24988	19.29568	0.25319	18.80731	0.24997	18.75748	0.24963	7.59801	0.15888	1041	10.6	3.305	06
12464	19.17667	0.25283	19.53000	0.25515	18.89000	0.25093	19.44333	0.25458	7.86000	0.16186	1041	10.5	3.31	06
12765	19.08638	0.25181	19.28571	0.25312	19.06977	0.25170	19.33555	0.25345	7.79734	0.16095	1041	10.5	3.31	07
13066	18.48505	0.24781	19.21927	0.25269	18.31229	0.24665	18.83056	0.25012	7.58804	0.15877	1041	10.4	3.31	07
13367	18.70432	0.24928	19.25249	0.25291	18.36213	0.24699	18.72425	0.24941	7.61462	0.15905	1041	10.4	3.305	07
13668	18.85382	0.25027	19.46512	0.25430	18.81395	0.25001	18.84718	0.25023	7.67774	0.15971	1041	10.5	3.31	05
13969	18.91030	0.25065	19.17940	0.25243	18.87043	0.25038	18.88040	0.25045	7.78405	0.16081	1041	10.5	3.31	06
14270	18.89701	0.25056	19.30565	0.25326	18.46512	0.24768	18.59801	0.24857	7.52824	0.15815	1041	10.4	3.31	06
14570	18.88333	0.25089	19.35667	0.25401	18.73667	0.24991	19.06667	0.25210	7.59333	0.15909	1041	10.5	3.31	06
14871	19.11296	0.25199	19.47841	0.25439	19.11296	0.25199	19.11296	0.25199	7.76412	0.16061	1041	10.4	3.3	08
15172	18.79070	0.24986	19.45183	0.25421	19.07309	0.25173	19.16944	0.25236	7.82392	0.16122	1041	10.4	3.31	08
15473	18.69103	0.24919	18.86711	0.25036	18.31894	0.24670	18.54817	0.24824	7.45847	0.15741	1041	10.5	3.291	07
15774	19.02326	0.25140	19.31229	0.25330	18.62458	0.24875	18.65116	0.24893	7.76412	0.16061	1041	10.4	3.31	08
16075	18.33223	0.24679	19.24585	0.25286	18.23256	0.24612	18.48837	0.24784	7.62126	0.15912	1041	10.4	3.305	07
16376	18.54817	0.24824	19.46844	0.25432	18.92359	0.25074	19.04319	0.25153	7.86379	0.16163	1041	10.3	3.305	08
16676	18.71333	0.24976	19.43333	0.25451	18.96000	0.25140	19.09000	0.25226	7.90333	0.16231	1041	10.4	3.296	10
16977	19.18937	0.25249	19.43854	0.25413	19.08970	0.25184	19.00332	0.25126	7.91030	0.16211	1041	10.3	3.31	07
17278	18.69103	0.24919	18.97342	0.25107	18.86711	0.25036	18.54817	0.24824	7.72757	0.16023	1041	10.3	3.31	09
17579	18.93688	0.25083	19.67110	0.25564	18.77741	0.24977	19.06645	0.25168	7.85050	0.16150	1041	10.3	3.31	10
17880	19.44850	0.25419	19.81728	0.25659	18.95349	0.25094	19.01993	0.25137	7.96013	0.16262	1041	10.2	3.305	07
18181	18.51495	0.24802	19.30897	0.25328	18.74086	0.24952	18.80066	0.24992	7.64120	0.15933	1041	10.1	3.31	08
18481	18.69000	0.24960	19.04333	0.25195	18.56000	0.24873	18.89333	0.25095	7.65667	0.15976	1041	10.1	3.31	09
18782	18.75083	0.24959	19.14286	0.25219	18.69103	0.24919	18.72093	0.24939	7.70100	0.15995	1041	10.1	3.31	06
19083	18.50831	0.24797	19.46844	0.25432	18.48837	0.24784	18.92691	0.25076	7.61462	0.15905	1041	10	3.315	08
19384	18.99003	0.25118	19.34884	0.25354	18.99003	0.25118	18.81063	0.24999	7.97010	0.16272	1041	10	3.31	08
19685	18.61794	0.24870	19.05980	0.25164	18.77409	0.24974	18.90033	0.25058	7.74751	0.16043	1041	10.1	3.305	08
19986	18.61462	0.24868	19.45847	0.25426	19.12625	0.25208	19.38206	0.25376	7.90365	0.16204	1041	10.1	3.31	08
20287	18.61130	0.24866	19.02990	0.25144	18.19601	0.24587	18.69103	0.24919	7.55814	0.15846	1041	10.1	3.291	08
20587	18.83667	0.25058	19.40000	0.25430	18.70667	0.24971	18.68333	0.24956	7.61333	0.15930	1041	10.1	3.31	07
20888	18.97342	0.25107	19.23588	0.25280	19.19269	0.25251	19.30565	0.25326	7.82724	0.16126	1041	10	3.31	09
21189	18.57475	0.24842	19.14950	0.25223	18.75748	0.24963	19.02658	0.25142	7.77076	0.16068	1041	9.9	3.31	08
21490	18.99336	0.25120	19.02326	0.25140	18.54817	0.24824	18.75083	0.24959	7.58472	0.15874	1041	9.9	3.31	09
21791	18.57143	0.24839	19.13953	0.25216	18.62126	0.24873	18.91362	0.25067	7.62791	0.15919	1041	9.9	3.305	08
22092	18.89037	0.25052	19.67774	0.25568	18.70764	0.24930	18.96013	0.25098	7.84718	0.16146	1041	9.8	3.31	07
22393	19.17608	0.25240	19.46179	0.25428	18.89369	0.25054	18.65781	0.24897	7.66113	0.15954	1041	9.8	3.3	08
22693	18.64667	0.24931	19.37333	0.25412	19.00000	0.25166	18.84000	0.25060	7.67000	0.15990	1041	9.9	3.3	08
22994	18.77409	0.24974	19.60465	0.25521	18.89369	0.25054	19.23920	0.25282	7.85382	0.16153	1042	9.9	3.31	08
23295	18.76080	0.24966	18.96678	0.25102	18.58140	0.24846	18.99003	0.25118	7.63455	0.15926	1042	9.8	3.31	06
23596	18.77076	0.24972	19.49502	0.25449	18.81063	0.24999	19.18937	0.25249	7.79070	0.16088	1042	9.8	3.305	08
23897	18.97010	0.25104	19.51163	0.25460	18.89037	0.25052	19.35880	0.25360	7.72425	0.16019	1042	9.8	3.31	06
24198	18.84385	0.25021	19.76080	0.25622	19.12625	0.25208	19.60133	0.25519	8.02990	0.16333	1042	9.8	3.31	06
24499	18.45847	0.24764	19.67774	0.25568	18.44186	0.24753	18.81728	0.25003	7.49169	0.15776	1042	9.8	3.31	07
24799	18.91667	0.25111	19.58333	0.25550	18.74333	0.24996	19.20000	0.25298	7.62667	0.15944	1042	9.8	3.3	08
25100	18.79402	0.24988	19.04319	0.25153	18.60133	0.24859	18.85714	0.25030	7.56478	0.15853	1042	9.8	3.291	05
25401	18.33887	0.24683	18.90365	0.25060	18.26910	0.24636	18.77409	0.24974	7.46844	0.15752	1042	9.8	3.31	05
25702	19.17608	0.25240	19.73422	0.25605	19.14618	0.25221	19.12957	0.25210	8.08306	0.16387	1042	9.8	3.31	08
26003	18.63787	0.24884	19.31229	0.25330	19.00664	0.25129	19.14618	0.25221	7.76412	0.16061	1042	9.7	3.31	08
26304	18.71096	0.24932	19.03654	0.25148	18.59468	0.24855	18.85714	0.25030	7.73090	0.16026	1042	9.7	3.291	07
26605	18.89369	0.25054	19.04319	0.25153	18.71761	0.24937	18.79070	0.24986	7.53821	0.15825	1042	9.7	3.31	08
26905	18.74000	0.24993	19.03667	0.25190	18.48000	0.24819	18.51667	0.24844	7.69000	0.16010	1042	9.7	3.31	08
27206	18.87375	0.25041	19.40532	0.25391	18.67110	0.24906	18.92027	0.25072	7.92027	0.16221	1042	9.7	3.31	09
27507	19.26578	0.25299	19.22591	0.25273	18.77409	0.24974	19.01993	0.25137	7.81728	0.16116	1042	9.7	3.31	08
27808	18.60133	0.24859	19.05648	0.25162	18.40532	0.24728	18.68439	0.24915	7.44850	0.15731	1042	9.7	3.31	09
28109	18.82724	0.25010	19.50498	0.25456	18.66777	0.24904	18.96346	0.25100	7.71096	0.16006	1042	9.6	3.3	08
28410	18.68106	0.24913	19.00332	0.25126	18.20266	0.24591	18.22591	0.24607	7.40864	0.15689	1042	9.6	3.296	09
28711	19.10631	0.25194	19.36877	0.25367	19.00664	0.25129	19.03987	0.25151	7.86711	0.16167	1042	9.7	3.31	08
29011	19.13333	0.25254	19.23333	0.25320	18.64000	0.24927	19.05333	0.25201	7.61333	0.15930	1042	9.7	3.31	06
29312	19.18605	0.25247	19.75083	0.25616	19.09635	0.25188	19.13289	0.25212	8.05980	0.16364	1042	9.7	3.31	06
29613	18.53156	0.24813	19.14950	0.25223	18.53156	0.24813	19.14950	0.25223	7.66445	0.15957	1043	9.6	3.305	06
29914	18.87375	0.25041	19.34884	0.25354	18.45847	0.24764	19.40532	0.25391	7.87043	0.16170	1043	9.5	3.31	05
30215	18.78405	0.24981	19.29900	0.25321	18.60797	0.24864	18.87708	0.25043	7.86711	0.16167	1042	9.6	3.31	07
30516	18.72757	0.24944	19.25581	0.25293	18.87708	0.25043	19.09967	0.25190	7.79734	0.16095	1043	9.7	3.31	04
30817	19.07973	0.25177	19.43522	0.25410	18.84053	0.25019	18.97674	0.25109	7.72757	0.16023	1043	9.6	3.31	08
31117	18.79000	0.25027	19.33667	0.25388	18.68667	0.24958	18.51000	0.24839	7.73333	0.16055	1043	9.6	3.31	06
31418	18.34219	0.24686	19.29236	0.25317	18.81063	0.24999	19.02326	0.25140	7.52824	0.15815	1043	9.5	3.305	07
31719	18.53156	0.24813	19.28571	0.25312	18.45515	0.24761	18.58140	0.24846	7.63787	0.15930	1043	9.6	3.296	09
32020	19.06977	0.25170	19.32558	0.25339	18.97342	0.25107	18.98007	0.25111	7.78738	0.16085	1043	9.5	3.296	06
32321	18.90365	0.25060	19.56478	0.25495	18.92359	0.25074	19.20266	0.25258	7.85050	0.16150	1043	9.5	3.31	09
32622	18.84385	0.25021	19.34219	0.25350	18.43522	0.24748	18.84053	0.25019	7.75748	0.16054	1043	9.5	3.305	09
32923	18.80399	0.24994	19.15947	0.25229	18.43189	0.24746	18.85714	0.25030	7.62791	0.15919	1043	9.6	3.305	08
33223	18.83000	0.25053	19.19667	0.25296	18.84667	0.25064	18.93333	0.25122	7.65000	0.15969	1043	9.5	3.3	08
33524	18.72757	0.24944	19.74419	0.25612	18.62791	0.24877	18.84053	0.25019	7.82392	0.16122	1043	9.5	3.31	08
33825	18.50166	0.24793	19.02990	0.25144	18.43189	0.24746	19.00997	0.25131	7.71761	0.16012	1043	9.5	3.315	09
34126	19.06645	0.25168	18.92691	0.25076	18.48505	0.24781	18.71096	0.24932	7.53821	0.15825	1043	9.5	3.305	07
34427	18.63123	0.24879	19.09635	0.25188	18.18937	0.24582	18.94020	0.25085	7.71096	0.16006	1043	9.7	3.296	08
34728	18.95681	0.25096	19.30565	0.25326	18.93023	0.25078	19.10963	0.25197	7.86379	0.16163	1043	9.5	3.31	09
35029	18.65116	0.24893	19.14618	0.25221	18.60797	0.24864	18.90698	0.25063	7.84053	0.16139	1043	9.5	3.31	06
35329	19.30333	0.25366	19.63000	0.25580	19.05333	0.25201	19.38333	0.25419	8.08000	0.16411	1043	9.4	3.31	09
35630	19.21595	0.25267	20.07641	0.25826	19.20930	0.25262	19.79734	0.25646	8.27907	0.16585	1043	9.4	3.305	08
35931	18.94020	0.25085	19.37874	0.25373	18.98007	0.25111	18.79070	0.24986	7.80731	0.16105	1043	9.4	3.3	08
36232	18.65781	0.24897	19.17276	0.25238	18.97674	0.25109	19.00332	0.25126	7.61462	0.15905	1044	9.5	3.3	09
36533	18.50831	0.24797	19.08970	0.25184	18.40864	0.24730	18.61462	0.24868	7.55150	0.15839	1043	9.6	3.305	10
36834	18.97342	0.25107	19.57807	0.25504	18.74751	0.24957	19.13953	0.25216	7.92691	0.16228	1044	9.5	3.31	05
37135	18.56811	0.24837	19.15615	0.25227	18.36877	0.24703	18.56478	0.24835	7.59136	0.15881	1044	9.6	3.296	07
37435	18.47333	0.24815	19.04000	0.25193	18.39667	0.24763	18.53000	0.24853	7.56333	0.15878	1044	9.4	3.31	06
37736	19.14286	0.25219	19.40864	0.25393	18.99003	0.25118	19.18605	0.25247	7.72425	0.16019	1044	9.5	3.31	07
38037	19.24252	0.25284	19.63123	0.25538	19.23256	0.25278	19.21927	0.25269	8.03322	0.16337	1044	9.4	3.31	08
38338	18.61130	0.24866	19.29900	0.25321	18.75083	0.24959	18.98007	0.25111	7.67442	0.15968	1044	9.5	3.31	07
38639	18.37542	0.24708	19.11960	0.25203	18.69435	0.24921	18.72093	0.24939	7.61130	0.15902	1044	9.5	3.305	08
38940	18.71096	0.24932	19.45847	0.25426	18.77076	0.24972	18.87375	0.25041	7.74086	0.16037	1044	9.5	3.31	08
39241	18.87708	0.25043	19.28571	0.25312	18.75748	0.24963	19.07973	0.25177	7.94684	0.16249	1044	9.5	3.31	09
39541	19.26667	0.25342	19.67667	0.25610	19.23667	0.25322	18.84333	0.25062	7.84333	0.16169	1044	9.5	3.31	06
39842	18.81728	0.25003	19.37209	0.25369	18.70432	0.24928	19.09302	0.25186	7.57475	0.15864	1044	9.5	3.31	07
40143	18.78073	0.24979	19.54817	0.25484	18.59136	0.24853	19.15282	0.25225	7.71429	0.16009	1044	9.4	3.31	08
40444	19.51827	0.25465	19.59468	0.25514	18.79070	0.24986	19.17608	0.25240	7.86711	0.16167	1044	9.4	3.31	08
40745	19.01661	0.25135	19.83056	0.25668	18.77076	0.24972	19.41528	0.25397	7.86711	0.16167	1044	9.4	3.31	08
41046	19.00000	0.25124	19.66113	0.25558	18.88372	0.25047	19.34219	0.25350	7.84385	0.16143	1044	9.4	3.31	07
41347	18.86047	0.25032	18.89701	0.25056	18.57807	0.24844	18.71761	0.24937	7.62126	0.15912	1044	9.4	3.31	06
41647	18.82667	0.25051	19.19000	0.25292	18.95000	0.25133	18.98667	0.25157	7.72333	0.16045	1044	9.5	3.3	05
41948	18.84718	0.25023	19.09635	0.25188	18.28239	0.24645	18.71429	0.24935	7.59801	0.15888	1044	9.5	3.31	05
42249	18.91362	0.25067	19.54817	0.25484	18.85714	0.25030	19.34219	0.25350	7.98339	0.16286	1044	9.4	3.31	05
42550	18.57475	0.24842	19.11628	0.25201	18.40532	0.24728	18.72093	0.24939	7.71429	0.16009	1044	9.4	3.31	05
42851	18.64452	0.24888	19.23588	0.25280	19.04319	0.25153	18.74751	0.24957	7.79070	0.16088	1044	9.4	3.31	05
43152	19.08306	0.25179	19.15947	0.25229	18.88704	0.25049	18.98671	0.25115	7.89701	0.16198	1044	9.4	3.31	06
43453	18.95681	0.25096	18.92027	0.25072	18.38538	0.24715	18.79070	0.24986	7.54817	0.15836	1044	9.5	3.31	05
43753	19.01000	0.25173	19.84333	0.25719	19.04000	0.25193	19.20000	0.25298	7.89000	0.16217	1044	9.5	3.31	04
44054	18.30233	0.24659	19.22924	0.25275	17.94352	0.24416	18.25581	0.24627	7.38206	0.15660	1044	9.5	3.305	05
44355	18.87375	0.25041	19.32558	0.25339	18.33555	0.24681	18.58804	0.24850	7.67774	0.15971	1044	9.5	3.31	06
44656	18.73754	0.24950	19.45183	0.25421	18.83056	0.25012	19.00000	0.25124	7.84385	0.16143	1044	9.6	3.305	06
44957	18.90698	0.25063	19.27575	0.25306	18.56478	0.24835	18.83389	0.25014	7.87043	0.16170	1044	9.4	3.305	07
45258	18.85382	0.25027	19.83721	0.25672	18.74086	0.24952	18.98007	0.25111	7.77076	0.16068	1044	9.5	3.31	05
45559	18.50498	0.24795	18.95681	0.25096	18.13621	0.24547	18.51495	0.24802	7.27907	0.15551	1044	9.5	3.31	06
45859	19.14333	0.25261	19.50000	0.25495	18.73667	0.24991	19.14667	0.25263	7.83000	0.16155	1044	9.4	3.31	07
46160	19.15947	0.25229	19.70764	0.25588	19.17940	0.25243	19.03987	0.25151	7.88372	0.16184	1045	9.2	3.31	07
46461	18.55482	0.24828	18.92359	0.25074	18.44850	0.24757	18.57807	0.24844	7.54485	0.15832	1045	9.5	3.305	08
46762	18.32226	0.24672	19.07309	0.25173	18.37209	0.24706	18.84053	0.25019	7.68771	0.15981	1044	9.5	3.31	08
47063	18.48505	0.24781	18.68771	0.24917	18.31561	0.24668	18.85714	0.25030	7.52824	0.15815	1045	9.5	3.31	06
47364	18.73090	0.24946	19.41860	0.25400	19.00997	0.25131	19.10963	0.25197	7.62458	0.15916	1045	9.6	3.3	08
47665	18.51163	0.24799	19.55150	0.25486	19.01661	0.25135	18.78405	0.24981	7.78738	0.16085	1045	9.6	3.31	08
47965	18.29667	0.24696	18.86333	0.25075	18.67000	0.24947	18.45667	0.24804	7.40333	0.15709	1045	9.6	3.305	06
48266	18.60797	0.24864	19.31894	0.25334	18.21262	0.24598	18.36877	0.24703	7.66113	0.15954	1045	9.6	3.31	07
48567	18.73754	0.24950	19.68771	0.25575	18.37209	0.24706	18.70100	0.24926	7.43854	0.15720	1045	9.5	3.31	05
48868	18.96013	0.25098	19.34219	0.25350	18.31561	0.24668	18.90365	0.25060	7.55482	0.15843	1045	9.6	3.31	08
49169	18.89037	0.25052	19.82724	0.25665	18.93023	0.25078	19.20266	0.25258	7.73090	0.16026	1045	9.7	3.31	08
49470	18.95017	0.25091	19.80399	0.25650	19.03322	0.25146	19.01993	0.25137	7.69103	0.15985	1045	9.6	3.31	08
49771	18.58804	0.24850	18.99668	0.25122	18.55150	0.24826	18.75083	0.24959	7.44518	0.15727	1045	9.7	3.31	08
50071	18.83333	0.25055	18.91333	0.25109	18.38000	0.24752	18.89000	0.25093	7.66333	0.15983	1045	9.7	3.305	07
50372	18.99668	0.25122	19.15947	0.25229	18.84053	0.25019	18.90033	0.25058	7.77076	0.16068	1045	9.6	3.31	08
50673	18.78738	0.24983	19.50166	0.25454	18.53821	0.24817	18.84385	0.25021	7.61794	0.15909	1045	9.7	3.305	07
50974	19.11960	0.25203	19.68106	0.25571	19.19269	0.25251	19.23588	0.25280	7.83056	0.16129	1045	9.7	3.305	07
51275	18.87708	0.25043	19.45515	0.25423	18.55814	0.24830	18.50831	0.24797	7.74751	0.16043	1045	9.6	3.296	07
51576	18.80731	0.24997	19.27907	0.25308	18.95017	0.25091	19.17608	0.25240	7.69435	0.15988	1046	9.7	3.31	09
51877	19.33223	0.25343	19.55814	0.25491	18.80066	0.24992	19.17276	0.25238	8.03654	0.16340	1046	9.7	3.291	10
52177	18.72000	0.24980	19.30000	0.25364	18.77333	0.25016	18.92333	0.25115	7.75333	0.16076	1046	9.7	3.3	10
52478	18.21927	0.24603	18.74751	0.24957	18.15282	0.24558	18.56478	0.24835	7.40864	0.15689	1046	9.7	3.31	07
52779	18.59136	0.24853	18.79402	0.24988	18.55814	0.24830	18.71761	0.24937	7.61130	0.15902	1046	9.6	3.31	09
53080	18.86379	0.25034	19.33887	0.25347	18.48505	0.24781	18.87043	0.25038	7.74086	0.16037	1046	9.7	3.31	08
53381	18.39867	0.24724	19.48837	0.25445	18.38538	0.24715	18.98339	0.25113	7.66445	0.15957	1046	9.6	3.31	06
53682	18.69435	0.24921	19.59801	0.25517	18.83056	0.25012	18.97674	0.25109	7.68106	0.15975	1046	9.7	3.296	08
53983	18.87043	0.25038	19.19934	0.25256	18.45183	0.24759	19.02326	0.25140	7.64452	0.15936	1046	9.6	3.31	08
54283	18.55000	0.24866	18.96000	0.25140	18.41667	0.24777	18.66333	0.24942	7.35000	0.15652	1046	9.5	3.31	08
54584	18.61130	0.24866	19.56811	0.25497	19.05648	0.25162	18.83389	0.25014	7.82724	0.16126	1046	9.5	3.31	07
54885	18.92691	0.25076	19.21262	0.25264	18.47176	0.24773	18.45515	0.24761	7.57475	0.15864	1046	9.5	3.31	07
55186	18.48505	0.24781	18.76080	0.24966	18.36545	0.24701	18.79734	0.24990	7.42857	0.15710	1046	9.6	3.31	07
55487	18.35548	0.24694	19.26578	0.25299	18.29568	0.24654	18.99668	0.25122	7.51163	0.15797	1046	9.6	3.286	06
55788	18.46179	0.24766	19.11960	0.25203	18.16944	0.24569	18.81728	0.25003	7.64120	0.15933	1046	9.6	3.286	06
56089	18.59801	0.24857	19.06977	0.25170	18.45515	0.24761	18.41860	0.24737	7.54153	0.15829	1046	9.5	3.31	06
56389	18.65667	0.24938	19.21667	0.25309	18.18000	0.24617	18.65000	0.24933	7.62333	0.15941	1046	9.5	3.31	06
56690	18.61462	0.24868	19.33555	0.25345	18.53821	0.24817	19.23920	0.25282	7.81728	0.16116	1046	9.6	3.31	05
56991	18.52824	0.24810	19.07641	0.25175	18.60133	0.24859	18.96013	0.25098	7.81728	0.16116	1046	9.5	3.296	06
57292	18.34884	0.24690	19.01993	0.25137	18.39203	0.24719	18.59801	0.24857	7.56811	0.15857	1046	9.6	3.31	06
57593	18.68106	0.24913	19.20930	0.25262	18.27575	0.24641	18.52824	0.24810	7.64452	0.15936	1045	9.6	3.31	06
57894	18.40532	0.24728	19.17276	0.25238	18.45183	0.24759	18.64784	0.24890	7.60133	0.15891	1046	9.5	3.31	05
58195	18.49834	0.24790	19.19934	0.25256	18.76412	0.24968	18.83389	0.25014	7.44518	0.15727	1045	9.5	3.31	06
58495	18.72333	0.24982	19.15000	0.25265	18.61000	0.24906	19.20333	0.25300	7.94333	0.16272	1046	9.6	3.31	06
58796	18.54817	0.24824	19.00997	0.25131	18.46844	0.24770	18.54153	0.24819	7.38870	0.15668	1046	9.6	3.291	07
59097	19.44518	0.25417	19.66445	0.25560	19.22924	0.25275	19.37209	0.25369	8.07973	0.16384	1046	9.5	3.31	09
59398	19.05980	0.25164	19.61794	0.25530	18.62126	0.24873	18.94020	0.25085	7.98007	0.16282	1046	9.6	3.305	07
59699	19.16944	0.25236	19.67110	0.25564	18.75748	0.24963	19.68106	0.25571	7.92691	0.16228	1046	9.5	3.31	07
60000	18.68106	0.24913	19.40864	0.25393	18.72093	0.24939	19.02990	0.25144	7.78073	0.16078	1046	9.6	3.31	08
60301	18.59468	0.24855	19.62458	0.25534	19.09635	0.25188	19.44518	0.25417	7.94684	0.16249	1046	9.6	3.31	07
60601	18.54000	0.24860	19.33667	0.25388	18.26000	0.24671	18.62333	0.24915	7.45000	0.15759	1046	9.7	3.31	09
60902	18.53156	0.24813	18.72093	0.24939	18.22924	0.24609	18.52492	0.24808	7.37874	0.15657	1046	9.5	3.31	05
61203	18.36545	0.24701	18.76744	0.24970	18.42857	0.24744	18.35548	0.24694	7.47841	0.15762	1046	9.5	3.31	08
61504	18.84053	0.25019	19.30565	0.25326	18.72425	0.24941	19.18272	0.25245	7.75415	0.16050	1046	9.6	3.281	06
61805	18.76744	0.24970	19.22924	0.25275	18.73754	0.24950	18.74751	0.24957	7.58804	0.15877	1046	9.4	3.305	06
62106	19.04983	0.25157	19.62458	0.25534	18.59801	0.24857	18.71096	0.24932	7.82724	0.16126	1046	9.5	3.281	08
62407	18.71761	0.24937	18.87043	0.25038	18.31229	0.24665	18.52824	0.24810	7.32890	0.15604	1046	9.4	3.31	06
62707	18.56000	0.24873	18.88667	0.25091	18.62333	0.24915	18.56000	0.24873	7.48333	0.15794	1046	9.4	3.31	06
63008	18.98007	0.25111	18.97342	0.25107	18.79070	0.24986	18.75415	0.24961	7.68439	0.15978	1046	9.4	3.31	06
63309	18.57807	0.24844	19.47176	0.25434	18.38870	0.24717	18.70764	0.24930	7.68439	0.15978	1046	9.6	3.31	06
63610	18.16944	0.24569	19.06312	0.25166	18.30897	0.24663	18.91030	0.25065	7.48505	0.15769	1046	9.5	3.31	07
63911	18.55150	0.24826	19.22591	0.25273	18.27575	0.24641	18.50166	0.24793	7.54153	0.15829	1046	9.5	3.31	04
64212	18.64784	0.24890	19.06977	0.25170	18.50831	0.24797	18.63455	0.24881	7.65781	0.15950	1046	9.6	3.31	05
64512	18.32667	0.24716	19.00000	0.25166	18.50000	0.24833	18.68333	0.24956	7.47333	0.15783	1046	9.5	3.31	07
64813	18.94684	0.25089	19.40532	0.25391	18.73422	0.24948	18.71761	0.24937	7.88040	0.16180	1046	9.6	3.31	07
65114	18.66113	0.24899	19.21927	0.25269	18.48505	0.24781	19.03987	0.25151	7.68106	0.15975	1046	9.5	3.305	07
65415	18.46844	0.24770	19.04983	0.25157	18.52159	0.24806	18.84053	0.25019	7.52159	0.15808	1046	9.5	3.31	08
65716	18.93355	0.25080	19.24585	0.25286	18.52492	0.24808	18.55814	0.24830	7.61462	0.15905	1046	9.5	3.31	08
66017	18.66777	0.24904	18.76080	0.24966	18.20598	0.24594	18.45183	0.24759	7.56478	0.15853	1046	9.5	3.31	07
66318	18.59136	0.24853	18.98339	0.25113	18.41196	0.24732	19.10963	0.25197	7.70100	0.15995	1046	9.6	3.31	09
66618	19.04000	0.25193	19.73000	0.25645	19.31333	0.25373	19.00333	0.25168	8.05667	0.16388	1046	9.6	3.305	07
66919	18.75083	0.24959	19.03987	0.25151	18.46512	0.24768	18.32558	0.24674	7.54153	0.15829	1046	9.6	3.31	07
67220	18.60797	0.24864	18.84718	0.25023	18.29900	0.24656	18.79734	0.24990	7.73754	0.16033	1046	9.7	3.31	07
67521	18.69767	0.24924	18.80731	0.24997	18.24252	0.24618	18.53821	0.24817	7.65449	0.15947	1046	9.7	3.3	07
67822	18.94020	0.25085	19.04319	0.25153	18.48173	0.24779	18.78405	0.24981	7.44850	0.15731	1046	9.7	3.31	09
68123	18.43189	0.24746	19.27575	0.25306	18.30897	0.24663	18.69767	0.24924	7.54817	0.15836	1046	9.7	3.296	06
68424	18.67110	0.24906	19.31894	0.25334	18.93023	0.25078	19.07973	0.25177	7.68439	0.15978	1046	9.6	3.31	06
68724	18.14333	0.24592	18.84000	0.25060	18.33000	0.24718	18.82333	0.25049	7.51000	0.15822	1046	9.7	3.305	06
69025	18.60465	0.24862	19.08970	0.25184	18.49502	0.24788	18.43854	0.24750	7.46179	0.15745	1047	9.7	3.291	06
69326	19.00997	0.25131	19.25581	0.25293	18.70432	0.24928	18.54485	0.24822	7.76080	0.16057	1047	9.6	3.305	06
69627	18.67110	0.24906	19.38870	0.25380	18.75083	0.24959	18.83056	0.25012	7.54153	0.15829	1046	9.6	3.31	07
69928	18.66777	0.24904	19.15282	0.25225	18.59136	0.24853	18.56146	0.24833	7.53821	0.15825	1047	9.6	3.31	07
70229	18.17608	0.24573	18.93355	0.25080	18.21262	0.24598	18.26910	0.24636	7.51163	0.15797	1047	9.6	3.31	07
70530	18.72757	0.24944	19.04319	0.25153	18.60133	0.24859	18.50498	0.24795	7.54485	0.15832	1047	9.5	3.296	08
70830	18.65333	0.24935	19.10000	0.25232	18.59333	0.24895	18.72000	0.24980	7.55667	0.15871	1047	9.6	3.271	07
71131	18.46844	0.24770	19.24252	0.25284	18.34884	0.24690	18.54485	0.24822	7.77076	0.16068	1047	9.5	3.31	08
71432	18.31561	0.24668	18.93688	0.25083	18.27243	0.24639	18.56146	0.24833	7.53156	0.15818	1047	9.6	3.31	11
71733	17.84053	0.24346	18.71429	0.24935	18.15947	0.24562	17.99336	0.24450	7.31229	0.15586	1047	9.6	3.31	09
72034	18.50498	0.24795	19.20598	0.25260	18.74086	0.24952	18.78405	0.24981	7.46512	0.15748	1047	9.6	3.31	10
72335	18.42857	0.24744	18.87043	0.25038	18.26578	0.24634	18.34884	0.24690	7.47508	0.15759	1047	9.6	3.31	09
72636	18.79734	0.24990	19.20266	0.25258	18.67442	0.24908	18.71761	0.24937	7.58804	0.15877	1047	9.7	3.296	06
72936	18.46333	0.24808	19.50667	0.25499	18.53000	0.24853	18.75333	0.25002	7.59667	0.15913	1047	9.6	3.305	05
73237	18.62126	0.24873	19.00000	0.25124	17.91694	0.24398	18.52824	0.24810	7.43522	0.15717	1047	9.6	3.31	08
73538	18.55814	0.24830	18.62791	0.24877	18.35548	0.24694	18.38870	0.24717	7.32558	0.15600	1047	9.5	3.305	05
73839	18.51495	0.24802	19.07641	0.25175	18.10631	0.24526	18.61462	0.24868	7.67110	0.15964	1047	9.6	3.31	08
74140	18.92359	0.25074	19.06312	0.25166	18.47176	0.24773	18.94684	0.25089	7.81063	0.16109	1047	9.6	3.31	08
74441	18.29236	0.24652	19.26910	0.25302	18.15947	0.24562	18.91362	0.25067	7.65116	0.15943	1047	9.5	3.31	07
74742	18.65449	0.24895	19.00997	0.25131	18.16279	0.24565	18.72093	0.24939	7.65449	0.15947	1048	9.6	3.296	09
75042	18.10000	0.24563	19.05000	0.25199	18.09000	0.24556	18.44000	0.24792	7.48000	0.15790	1048	9.5	3.31	07
75343	18.51163	0.24799	19.02658	0.25142	18.71761	0.24937	18.64784	0.24890	7.45515	0.15738	1048	9.6	3.31	06
75644	18.83056	0.25012	19.51495	0.25462	18.47841	0.24777	18.44186	0.24753	7.59136	0.15881	1048	9.6	3.31	06
75945	18.87708	0.25043	19.55814	0.25491	19.03987	0.25151	19.02658	0.25142	7.73422	0.16030	1048	9.5	3.31	10
76246	19.07973	0.25177	19.22591	0.25273	18.62458	0.24875	18.87043	0.25038	7.84053	0.16139	1048	9.6	3.31	10
76547	18.71429	0.24935	19.43854	0.25413	18.81728	0.25003	18.77076	0.24972	7.79734	0.16095	1048	9.6	3.31	09
76848	18.69103	0.24919	19.07641	0.25175	18.45183	0.24759	18.64784	0.24890	7.68106	0.15975	1048	9.6	3.305	10
77148	18.83667	0.25058	19.38000	0.25417	18.63667	0.24924	18.95667	0.25137	7.96667	0.16296	1048	9.5	3.31	09
77449	18.63787	0.24884	19.10631	0.25194	18.29568	0.24654	18.60465	0.24862	7.55814	0.15846	1048	9.5	3.31	06
77750	18.29568	0.24654	18.80066	0.24992	18.37209	0.24706	18.47176	0.24773	7.39535	0.15675	1048	9.6	3.31	07
78051	18.75083	0.24959	19.25581	0.25293	18.49834	0.24790	18.67774	0.24910	7.63123	0.15923	1048	9.5	3.305	09
78352	18.49834	0.24790	18.86711	0.25036	17.97010	0.24434	18.53488	0.24815	7.45847	0.15741	1048	9.6	3.31	06
78653	18.88372	0.25047	19.14286	0.25219	18.57475	0.24842	18.91694	0.25069	7.76744	0.16064	1048	9.6	3.3	08
78954	18.29236	0.24652	18.98007	0.25111	18.26578	0.24634	18.43189	0.24746	7.52824	0.15815	1049	9.5	3.3	09
79254	18.71667	0.24978	19.09667	0.25230	18.47667	0.24817	18.99333	0.25162	7.54000	0.15853	1049	9.5	3.31	07
79555	18.48505	0.24781	19.13953	0.25216	18.71096	0.24932	18.95017	0.25091	7.80066	0.16098	1049	9.5	3.31	08
79856	18.88040	0.25045	19.13953	0.25216	18.73754	0.24950	18.74419	0.24955	7.69103	0.15985	1049	9.5	3.31	09
80157	19.05980	0.25164	19.51827	0.25465	18.85714	0.25030	18.96346	0.25100	7.82392	0.16122	1049	9.6	3.31	08
80458	18.44518	0.24755	19.27575	0.25306	18.61462	0.24868	18.65781	0.24897	7.73090	0.16026	1049	9.5	3.305	07
80759	18.53821	0.24817	18.73754	0.24950	18.17940	0.24576	18.58140	0.24846	7.33887	0.15615	1049	9.6	3.305	06
81060	18.54817	0.24824	19.19601	0.25254	18.50831	0.24797	18.64120	0.24886	7.68439	0.15978	1049	9.5	3.31	08
81360	18.50333	0.24835	19.26000	0.25338	19.05333	0.25201	18.87000	0.25080	7.79333	0.16118	1049	9.5	3.31	09
81661	18.45183	0.24759	18.81063	0.24999	18.54485	0.24822	18.90033	0.25058	7.49169	0.15776	1049	9.4	3.305	09
81962	18.34551	0.24688	18.84053	0.25019	18.42857	0.24744	18.83389	0.25014	7.56478	0.15853	1049	9.5	3.305	10
82263	18.93355	0.25080	19.19601	0.25254	18.63123	0.24879	18.81395	0.25001	7.79734	0.16095	1049	9.5	3.31	10
82564	17.77076	0.24298	18.60465	0.24862	17.70432	0.24252	18.20598	0.24594	7.14286	0.15405	1049	9.4	3.31	08
82865	18.40532	0.24728	18.85714	0.25030	18.13953	0.24549	18.63455	0.24881	7.50498	0.15790	1049	9.5	3.31	10
83166	18.78073	0.24979	19.31229	0.25330	18.52492	0.24808	18.48173	0.24779	7.67442	0.15968	1049	9.5	3.31	09
83466	18.75333	0.25002	19.25000	0.25331	18.52333	0.24848	18.85667	0.25071	7.54333	0.15857	1049	9.5	3.305	07
83767	18.23588	0.24614	18.62126	0.24873	17.76080	0.24291	18.56811	0.24837	7.38538	0.15664	1049	9.5	3.31	05
84068	18.38538	0.24715	19.13289	0.25212	18.25914	0.24630	18.68771	0.24917	7.52492	0.15811	1050	9.4	3.305	07
84369	18.52159	0.24806	18.88372	0.25047	18.46512	0.24768	18.43854	0.24750	7.63787	0.15930	1049	9.4	3.31	06
84670	18.28904	0.24650	18.45847	0.24764	18.15615	0.24560	18.72425	0.24941	7.30233	0.15576	1049	9.4	3.31	06
84971	18.39535	0.24721	18.89037	0.25052	18.76412	0.24968	18.80066	0.24992	7.51827	0.15804	1049	9.4	3.31	05
85272	18.66777	0.24904	19.37542	0.25371	18.43189	0.24746	18.70432	0.24928	7.62126	0.15912	1049	9.4	3.3	05
85572	18.16000	0.24604	18.79667	0.25031	18.09667	0.24561	18.37333	0.24748	7.33333	0.15635	1049	9.4	3.31	07
85873	18.49169	0.24786	19.64452	0.25547	18.99668	0.25122	18.80731	0.24997	7.76412	0.16061	1050	9.4	3.31	02
